[1128/211439.409:ERROR:directory_reader_win.cc(43)] FindFirstFile: The system cannot find the path specified. (0x3)
[1217/184602.917:ERROR:directory_reader_win.cc(43)] FindFirstFile: The system cannot find the path specified. (0x3)
[1219/194709.883:ERROR:directory_reader_win.cc(43)] FindFirstFile: The system cannot find the path specified. (0x3)
[1219/222508.536:ERROR:directory_reader_win.cc(43)] FindFirstFile: The system cannot find the path specified. (0x3)
[1219/233726.458:ERROR:directory_reader_win.cc(43)] FindFirstFile: The system cannot find the path specified. (0x3)
[1222/160254.991:ERROR:directory_reader_win.cc(43)] FindFirstFile: The system cannot find the path specified. (0x3)
[1222/160314.261:ERROR:directory_reader_win.cc(43)] FindFirstFile: The system cannot find the path specified. (0x3)
[1222/161857.462:ERROR:directory_reader_win.cc(43)] FindFirstFile: The system cannot find the path specified. (0x3)
[1222/162553.802:ERROR:directory_reader_win.cc(43)] FindFirstFile: The system cannot find the path specified. (0x3)
[1222/163831.977:ERROR:directory_reader_win.cc(43)] FindFirstFile: The system cannot find the path specified. (0x3)
[1224/123525.644:ERROR:directory_reader_win.cc(43)] FindFirstFile: The system cannot find the path specified. (0x3)
[1224/124238.522:ERROR:directory_reader_win.cc(43)] FindFirstFile: The system cannot find the path specified. (0x3)
[1224/163151.130:ERROR:directory_reader_win.cc(43)] FindFirstFile: The system cannot find the path specified. (0x3)
[0102/203139.227:ERROR:process_memory_win.cc(73)] ReadMemory at 0x7ff73bd80000 of 64 bytes failed: Only part of a ReadProcessMemory or WriteProcessMemory request was completed. (0x12B)
[0102/203139.243:WARNING:pe_image_reader.cc(340)] could not read dos header from C:\Program Files (x86)\Google\Chrome\Application\chrome.exe
[0102/203139.243:ERROR:process_memory_win.cc(73)] ReadMemory at 0x7ffc05ba0000 of 64 bytes failed: Only part of a ReadProcessMemory or WriteProcessMemory request was completed. (0x12B)
[0102/203139.243:WARNING:pe_image_reader.cc(340)] could not read dos header from C:\Windows\SYSTEM32\ntdll.dll
[0102/203139.243:ERROR:process_memory_win.cc(73)] ReadMemory at 0x7ffc03c80000 of 64 bytes failed: Only part of a ReadProcessMemory or WriteProcessMemory request was completed. (0x12B)
[0102/203139.243:WARNING:pe_image_reader.cc(340)] could not read dos header from C:\Windows\System32\KERNEL32.DLL
[0102/203139.243:ERROR:process_memory_win.cc(73)] ReadMemory at 0x7ffc02d60000 of 64 bytes failed: Only part of a ReadProcessMemory or WriteProcessMemory request was completed. (0x12B)
[0102/203139.243:WARNING:pe_image_reader.cc(340)] could not read dos header from C:\Windows\System32\KERNELBASE.dll
[0102/203139.243:ERROR:process_memory_win.cc(73)] ReadMemory at 0x7ffbda760000 of 64 bytes failed: Only part of a ReadProcessMemory or WriteProcessMemory request was completed. (0x12B)
[0102/203139.243:WARNING:pe_image_reader.cc(340)] could not read dos header from C:\Program Files (x86)\Google\Chrome\Application\87.0.4280.88\chrome_elf.dll
[0102/203139.243:ERROR:process_memory_win.cc(73)] ReadMemory at 0x7ffbf7c30000 of 64 bytes failed: Only part of a ReadProcessMemory or WriteProcessMemory request was completed. (0x12B)
[0102/203139.243:WARNING:pe_image_reader.cc(340)] could not read dos header from C:\Windows\SYSTEM32\VERSION.dll
[0102/203139.243:ERROR:process_memory_win.cc(73)] ReadMemory at 0x7ffc04120000 of 64 bytes failed: Only part of a ReadProcessMemory or WriteProcessMemory request was completed. (0x12B)
[0102/203139.243:WARNING:pe_image_reader.cc(340)] could not read dos header from C:\Windows\System32\msvcrt.dll
[0102/203139.243:ERROR:process_memory_win.cc(73)] ReadMemory at 0x7ffc03a20000 of 64 bytes failed: Only part of a ReadProcessMemory or WriteProcessMemory request was completed. (0x12B)
[0102/203139.243:WARNING:pe_image_reader.cc(340)] could not read dos header from C:\Windows\System32\bcryptPrimitives.dll
[0102/203139.243:ERROR:process_memory_win.cc(73)] ReadMemory at 0x7ffc04670000 of 64 bytes failed: Only part of a ReadProcessMemory or WriteProcessMemory request was completed. (0x12B)
[0102/203139.243:WARNING:pe_image_reader.cc(340)] could not read dos header from C:\Windows\System32\ADVAPI32.dll
[0102/203139.243:ERROR:process_memory_win.cc(73)] ReadMemory at 0x7ffc04c80000 of 64 bytes failed: Only part of a ReadProcessMemory or WriteProcessMemory request was completed. (0x12B)
[0102/203139.243:WARNING:pe_image_reader.cc(340)] could not read dos header from C:\Windows\System32\sechost.dll
[0102/203139.243:ERROR:process_memory_win.cc(73)] ReadMemory at 0x7ffc05410000 of 64 bytes failed: Only part of a ReadProcessMemory or WriteProcessMemory request was completed. (0x12B)
[0102/203139.243:WARNING:pe_image_reader.cc(340)] could not read dos header from C:\Windows\System32\RPCRT4.dll
[0102/203139.243:ERROR:process_memory_win.cc(73)] ReadMemory at 0x7ffb7f180000 of 64 bytes failed: Only part of a ReadProcessMemory or WriteProcessMemory request was completed. (0x12B)
[0102/203139.243:WARNING:pe_image_reader.cc(340)] could not read dos header from C:\Program Files (x86)\Google\Chrome\Application\87.0.4280.88\chrome.dll
[0102/203139.243:ERROR:process_memory_win.cc(73)] ReadMemory at 0x7ffc05530000 of 64 bytes failed: Only part of a ReadProcessMemory or WriteProcessMemory request was completed. (0x12B)
[0102/203139.243:WARNING:pe_image_reader.cc(340)] could not read dos header from C:\Windows\System32\WS2_32.dll
[0102/203139.243:ERROR:process_memory_win.cc(73)] ReadMemory at 0x7ffc03fb0000 of 64 bytes failed: Only part of a ReadProcessMemory or WriteProcessMemory request was completed. (0x12B)
[0102/203139.243:WARNING:pe_image_reader.cc(340)] could not read dos header from C:\Windows\System32\OLEAUT32.dll
[0102/203139.243:ERROR:process_memory_win.cc(73)] ReadMemory at 0x7ffc03bb0000 of 64 bytes failed: Only part of a ReadProcessMemory or WriteProcessMemory request was completed. (0x12B)
[0102/203139.243:WARNING:pe_image_reader.cc(340)] could not read dos header from C:\Windows\System32\msvcp_win.dll
[0102/203139.243:ERROR:process_memory_win.cc(73)] ReadMemory at 0x7ffc03ab0000 of 64 bytes failed: Only part of a ReadProcessMemory or WriteProcessMemory request was completed. (0x12B)
[0102/203139.243:WARNING:pe_image_reader.cc(340)] could not read dos header from C:\Windows\System32\ucrtbase.dll
[0102/203139.243:ERROR:process_memory_win.cc(73)] ReadMemory at 0x7ffc04720000 of 64 bytes failed: Only part of a ReadProcessMemory or WriteProcessMemory request was completed. (0x12B)
[0102/203139.243:WARNING:pe_image_reader.cc(340)] could not read dos header from C:\Windows\System32\combase.dll
[0102/203139.243:ERROR:process_memory_win.cc(73)] ReadMemory at 0x7ffc039a0000 of 64 bytes failed: Only part of a ReadProcessMemory or WriteProcessMemory request was completed. (0x12B)
[0102/203139.243:WARNING:pe_image_reader.cc(340)] could not read dos header from C:\Windows\System32\WINTRUST.dll
[0102/203139.243:ERROR:process_memory_win.cc(73)] ReadMemory at 0x7ffc02aa0000 of 64 bytes failed: Only part of a ReadProcessMemory or WriteProcessMemory request was completed. (0x12B)
[0102/203139.243:WARNING:pe_image_reader.cc(340)] could not read dos header from C:\Windows\System32\MSASN1.dll
[0102/203139.243:ERROR:process_memory_win.cc(73)] ReadMemory at 0x7ffc03010000 of 64 bytes failed: Only part of a ReadProcessMemory or WriteProcessMemory request was completed. (0x12B)
[0102/203139.243:WARNING:pe_image_reader.cc(340)] could not read dos header from C:\Windows\System32\CRYPT32.dll
[0102/203139.243:ERROR:process_memory_win.cc(73)] ReadMemory at 0x7ffbfe870000 of 64 bytes failed: Only part of a ReadProcessMemory or WriteProcessMemory request was completed. (0x12B)
[0102/203139.243:WARNING:pe_image_reader.cc(340)] could not read dos header from C:\Windows\SYSTEM32\dbghelp.dll
[0102/203139.243:ERROR:process_memory_win.cc(73)] ReadMemory at 0x7ffc01f40000 of 64 bytes failed: Only part of a ReadProcessMemory or WriteProcessMemory request was completed. (0x12B)
[0102/203139.243:WARNING:pe_image_reader.cc(340)] could not read dos header from C:\Windows\SYSTEM32\IPHLPAPI.DLL
[0102/203139.243:ERROR:process_memory_win.cc(73)] ReadMemory at 0x7ffbf9c40000 of 64 bytes failed: Only part of a ReadProcessMemory or WriteProcessMemory request was completed. (0x12B)
[0102/203139.243:WARNING:pe_image_reader.cc(340)] could not read dos header from C:\Windows\SYSTEM32\WINMM.dll
[0102/203139.243:ERROR:process_memory_win.cc(73)] ReadMemory at 0x7ffbdcad0000 of 64 bytes failed: Only part of a ReadProcessMemory or WriteProcessMemory request was completed. (0x12B)
[0102/203139.243:WARNING:pe_image_reader.cc(340)] could not read dos header from C:\Windows\SYSTEM32\UIAutomationCore.DLL
[0102/203139.243:ERROR:process_memory_win.cc(73)] ReadMemory at 0x7ffbf4670000 of 64 bytes failed: Only part of a ReadProcessMemory or WriteProcessMemory request was completed. (0x12B)
[0102/203139.243:WARNING:pe_image_reader.cc(340)] could not read dos header from C:\Windows\SYSTEM32\Secur32.dll
[0102/203139.243:ERROR:process_memory_win.cc(73)] ReadMemory at 0x7ffc02960000 of 64 bytes failed: Only part of a ReadProcessMemory or WriteProcessMemory request was completed. (0x12B)
[0102/203139.243:WARNING:pe_image_reader.cc(340)] could not read dos header from C:\Windows\SYSTEM32\USERENV.dll
[0102/203139.243:ERROR:process_memory_win.cc(73)] ReadMemory at 0x7ffc02a70000 of 64 bytes failed: Only part of a ReadProcessMemory or WriteProcessMemory request was completed. (0x12B)
[0102/203139.243:WARNING:pe_image_reader.cc(340)] could not read dos header from C:\Windows\System32\profapi.dll
[0102/203139.243:ERROR:process_memory_win.cc(73)] ReadMemory at 0x7ffbebcd0000 of 64 bytes failed: Only part of a ReadProcessMemory or WriteProcessMemory request was completed. (0x12B)
[0102/203139.243:WARNING:pe_image_reader.cc(340)] could not read dos header from C:\Windows\SYSTEM32\DWrite.dll
[0102/203139.243:ERROR:process_memory_win.cc(73)] ReadMemory at 0x7ffbf9910000 of 64 bytes failed: Only part of a ReadProcessMemory or WriteProcessMemory request was completed. (0x12B)
[0102/203139.243:WARNING:pe_image_reader.cc(340)] could not read dos header from C:\Windows\SYSTEM32\WINSPOOL.DRV
[0102/203139.243:ERROR:process_memory_win.cc(73)] ReadMemory at 0x7ffc02a50000 of 64 bytes failed: Only part of a ReadProcessMemory or WriteProcessMemory request was completed. (0x12B)
[0102/203139.243:WARNING:pe_image_reader.cc(340)] could not read dos header from C:\Windows\System32\kernel.appcore.dll
[0102/203139.243:ERROR:process_memory_win.cc(73)] ReadMemory at 0x7ffc02d30000 of 64 bytes failed: Only part of a ReadProcessMemory or WriteProcessMemory request was completed. (0x12B)
[0102/203139.243:WARNING:pe_image_reader.cc(340)] could not read dos header from C:\Windows\System32\bcrypt.dll
[0102/203139.243:ERROR:process_memory_win.cc(73)] ReadMemory at 0x7ffbf8670000 of 64 bytes failed: Only part of a ReadProcessMemory or WriteProcessMemory request was completed. (0x12B)
[0102/203139.243:WARNING:pe_image_reader.cc(340)] could not read dos header from C:\Windows\SYSTEM32\WINHTTP.dll
[0102/203139.243:ERROR:process_memory_win.cc(73)] ReadMemory at 0x7ffbf98e0000 of 64 bytes failed: Only part of a ReadProcessMemory or WriteProcessMemory request was completed. (0x12B)
[0102/203139.243:WARNING:pe_image_reader.cc(340)] could not read dos header from C:\Windows\SYSTEM32\dhcpcsvc.DLL
[0102/203139.243:ERROR:process_memory_win.cc(73)] ReadMemory at 0x7ffc04370000 of 64 bytes failed: Only part of a ReadProcessMemory or WriteProcessMemory request was completed. (0x12B)
[0102/203139.243:WARNING:pe_image_reader.cc(340)] could not read dos header from C:\Windows\System32\NSI.dll
[0102/203139.243:ERROR:process_memory_win.cc(73)] ReadMemory at 0x7ffbf9c10000 of 64 bytes failed: Only part of a ReadProcessMemory or WriteProcessMemory request was completed. (0x12B)
[0102/203139.243:WARNING:pe_image_reader.cc(340)] could not read dos header from C:\Windows\SYSTEM32\WINMMBASE.dll
[0102/203139.243:ERROR:process_memory_win.cc(73)] ReadMemory at 0x7ffc02ce0000 of 64 bytes failed: Only part of a ReadProcessMemory or WriteProcessMemory request was completed. (0x12B)
[0102/203139.243:WARNING:pe_image_reader.cc(340)] could not read dos header from C:\Windows\System32\cfgmgr32.dll
[0102/203139.243:ERROR:process_memory_win.cc(73)] ReadMemory at 0x7ffbff070000 of 64 bytes failed: Only part of a ReadProcessMemory or WriteProcessMemory request was completed. (0x12B)
[0102/203139.243:WARNING:pe_image_reader.cc(340)] could not read dos header from C:\Windows\SYSTEM32\PROPSYS.dll
[0102/203139.243:ERROR:process_memory_win.cc(73)] ReadMemory at 0x7ffc045c0000 of 64 bytes failed: Only part of a ReadProcessMemory or WriteProcessMemory request was completed. (0x12B)
[0102/203139.243:WARNING:pe_image_reader.cc(340)] could not read dos header from C:\Windows\System32\shcore.dll
[0102/203139.243:ERROR:process_memory_win.cc(73)] ReadMemory at 0x7ffc02920000 of 64 bytes failed: Only part of a ReadProcessMemory or WriteProcessMemory request was completed. (0x12B)
[0102/203139.243:WARNING:pe_image_reader.cc(340)] could not read dos header from C:\Windows\SYSTEM32\SSPICLI.DLL
[0102/203139.243:ERROR:process_memory_win.cc(73)] ReadMemory at 0x7ffc04d20000 of 64 bytes failed: Only part of a ReadProcessMemory or WriteProcessMemory request was completed. (0x12B)
[0102/203139.243:WARNING:pe_image_reader.cc(340)] could not read dos header from C:\Windows\System32\SHELL32.dll
[0102/203139.243:ERROR:process_memory_win.cc(73)] ReadMemory at 0x7ffc03210000 of 64 bytes failed: Only part of a ReadProcessMemory or WriteProcessMemory request was completed. (0x12B)
[0102/203139.243:WARNING:pe_image_reader.cc(340)] could not read dos header from C:\Windows\System32\windows.storage.dll
[0102/203139.243:ERROR:process_memory_win.cc(73)] ReadMemory at 0x7ffc02ac0000 of 64 bytes failed: Only part of a ReadProcessMemory or WriteProcessMemory request was completed. (0x12B)
[0102/203139.243:WARNING:pe_image_reader.cc(340)] could not read dos header from C:\Windows\System32\powrprof.dll
[0102/203139.243:ERROR:process_memory_win.cc(73)] ReadMemory at 0x7ffc02a40000 of 64 bytes failed: Only part of a ReadProcessMemory or WriteProcessMemory request was completed. (0x12B)
[0102/203139.243:WARNING:pe_image_reader.cc(340)] could not read dos header from C:\Windows\System32\UMPDC.dll
[0102/203139.243:ERROR:process_memory_win.cc(73)] ReadMemory at 0x7ffc04550000 of 64 bytes failed: Only part of a ReadProcessMemory or WriteProcessMemory request was completed. (0x12B)
[0102/203139.243:WARNING:pe_image_reader.cc(340)] could not read dos header from C:\Windows\System32\shlwapi.dll
[0102/203139.243:ERROR:process_memory_win.cc(73)] ReadMemory at 0x7ffc04080000 of 64 bytes failed: Only part of a ReadProcessMemory or WriteProcessMemory request was completed. (0x12B)
[0102/203139.243:WARNING:pe_image_reader.cc(340)] could not read dos header from C:\Windows\System32\GDI32.dll
[0102/203139.243:ERROR:process_memory_win.cc(73)] ReadMemory at 0x7ffc02b10000 of 64 bytes failed: Only part of a ReadProcessMemory or WriteProcessMemory request was completed. (0x12B)
[0102/203139.243:WARNING:pe_image_reader.cc(340)] could not read dos header from C:\Windows\System32\win32u.dll
[0102/203139.243:ERROR:process_memory_win.cc(73)] ReadMemory at 0x7ffc02b40000 of 64 bytes failed: Only part of a ReadProcessMemory or WriteProcessMemory request was completed. (0x12B)
[0102/203139.243:WARNING:pe_image_reader.cc(340)] could not read dos header from C:\Windows\System32\gdi32full.dll
[0102/203139.243:ERROR:process_memory_win.cc(73)] ReadMemory at 0x7ffc04ae0000 of 64 bytes failed: Only part of a ReadProcessMemory or WriteProcessMemory request was completed. (0x12B)
[0102/203139.243:WARNING:pe_image_reader.cc(340)] could not read dos header from C:\Windows\System32\USER32.dll
[0102/203139.243:ERROR:process_memory_win.cc(73)] ReadMemory at 0x7ffc03a00000 of 64 bytes failed: Only part of a ReadProcessMemory or WriteProcessMemory request was completed. (0x12B)
[0102/203139.243:WARNING:pe_image_reader.cc(340)] could not read dos header from C:\Windows\System32\cryptsp.dll
[0102/203139.243:ERROR:process_memory_win.cc(73)] ReadMemory at 0x7ffc03c50000 of 64 bytes failed: Only part of a ReadProcessMemory or WriteProcessMemory request was completed. (0x12B)
[0102/203139.243:WARNING:pe_image_reader.cc(340)] could not read dos header from C:\Windows\System32\IMM32.DLL
[0102/203139.243:ERROR:process_memory_win.cc(73)] ReadMemory at 0x7ffc02400000 of 64 bytes failed: Only part of a ReadProcessMemory or WriteProcessMemory request was completed. (0x12B)
[0102/203139.243:WARNING:pe_image_reader.cc(340)] could not read dos header from C:\Windows\SYSTEM32\CRYPTBASE.DLL
[0102/203139.243:ERROR:process_memory_win.cc(73)] ReadMemory at 0x7ff73bd80000 of 64 bytes failed: Only part of a ReadProcessMemory or WriteProcessMemory request was completed. (0x12B)
[0102/203139.243:WARNING:pe_image_reader.cc(340)] could not read dos header from C:\Program Files (x86)\Google\Chrome\Application\chrome.exe
[0102/203139.243:ERROR:process_memory_win.cc(73)] ReadMemory at 0x7ffc05ba0000 of 64 bytes failed: Only part of a ReadProcessMemory or WriteProcessMemory request was completed. (0x12B)
[0102/203139.243:WARNING:pe_image_reader.cc(340)] could not read dos header from C:\Windows\SYSTEM32\ntdll.dll
[0102/203139.243:ERROR:process_memory_win.cc(73)] ReadMemory at 0x7ffc03c80000 of 64 bytes failed: Only part of a ReadProcessMemory or WriteProcessMemory request was completed. (0x12B)
[0102/203139.243:WARNING:pe_image_reader.cc(340)] could not read dos header from C:\Windows\System32\KERNEL32.DLL
[0102/203139.243:ERROR:process_memory_win.cc(73)] ReadMemory at 0x7ffc02d60000 of 64 bytes failed: Only part of a ReadProcessMemory or WriteProcessMemory request was completed. (0x12B)
[0102/203139.243:WARNING:pe_image_reader.cc(340)] could not read dos header from C:\Windows\System32\KERNELBASE.dll
[0102/203139.243:ERROR:process_memory_win.cc(73)] ReadMemory at 0x7ffbda760000 of 64 bytes failed: Only part of a ReadProcessMemory or WriteProcessMemory request was completed. (0x12B)
[0102/203139.243:WARNING:pe_image_reader.cc(340)] could not read dos header from C:\Program Files (x86)\Google\Chrome\Application\87.0.4280.88\chrome_elf.dll
[0102/203139.243:ERROR:process_memory_win.cc(73)] ReadMemory at 0x7ffbf7c30000 of 64 bytes failed: Only part of a ReadProcessMemory or WriteProcessMemory request was completed. (0x12B)
[0102/203139.243:WARNING:pe_image_reader.cc(340)] could not read dos header from C:\Windows\SYSTEM32\VERSION.dll
[0102/203139.243:ERROR:process_memory_win.cc(73)] ReadMemory at 0x7ffc04120000 of 64 bytes failed: Only part of a ReadProcessMemory or WriteProcessMemory request was completed. (0x12B)
[0102/203139.243:WARNING:pe_image_reader.cc(340)] could not read dos header from C:\Windows\System32\msvcrt.dll
[0102/203139.243:ERROR:process_memory_win.cc(73)] ReadMemory at 0x7ffc03a20000 of 64 bytes failed: Only part of a ReadProcessMemory or WriteProcessMemory request was completed. (0x12B)
[0102/203139.243:WARNING:pe_image_reader.cc(340)] could not read dos header from C:\Windows\System32\bcryptPrimitives.dll
[0102/203139.243:ERROR:process_memory_win.cc(73)] ReadMemory at 0x7ffc04670000 of 64 bytes failed: Only part of a ReadProcessMemory or WriteProcessMemory request was completed. (0x12B)
[0102/203139.243:WARNING:pe_image_reader.cc(340)] could not read dos header from C:\Windows\System32\ADVAPI32.dll
[0102/203139.243:ERROR:process_memory_win.cc(73)] ReadMemory at 0x7ffc04c80000 of 64 bytes failed: Only part of a ReadProcessMemory or WriteProcessMemory request was completed. (0x12B)
[0102/203139.243:WARNING:pe_image_reader.cc(340)] could not read dos header from C:\Windows\System32\sechost.dll
[0102/203139.243:ERROR:process_memory_win.cc(73)] ReadMemory at 0x7ffc05410000 of 64 bytes failed: Only part of a ReadProcessMemory or WriteProcessMemory request was completed. (0x12B)
[0102/203139.243:WARNING:pe_image_reader.cc(340)] could not read dos header from C:\Windows\System32\RPCRT4.dll
[0102/203139.243:ERROR:process_memory_win.cc(73)] ReadMemory at 0x7ffb7f180000 of 64 bytes failed: Only part of a ReadProcessMemory or WriteProcessMemory request was completed. (0x12B)
[0102/203139.243:WARNING:pe_image_reader.cc(340)] could not read dos header from C:\Program Files (x86)\Google\Chrome\Application\87.0.4280.88\chrome.dll
[0102/203139.243:ERROR:process_memory_win.cc(73)] ReadMemory at 0x7ffc05530000 of 64 bytes failed: Only part of a ReadProcessMemory or WriteProcessMemory request was completed. (0x12B)
[0102/203139.243:WARNING:pe_image_reader.cc(340)] could not read dos header from C:\Windows\System32\WS2_32.dll
[0102/203139.243:ERROR:process_memory_win.cc(73)] ReadMemory at 0x7ffc03fb0000 of 64 bytes failed: Only part of a ReadProcessMemory or WriteProcessMemory request was completed. (0x12B)
[0102/203139.243:WARNING:pe_image_reader.cc(340)] could not read dos header from C:\Windows\System32\OLEAUT32.dll
[0102/203139.243:ERROR:process_memory_win.cc(73)] ReadMemory at 0x7ffc03bb0000 of 64 bytes failed: Only part of a ReadProcessMemory or WriteProcessMemory request was completed. (0x12B)
[0102/203139.243:WARNING:pe_image_reader.cc(340)] could not read dos header from C:\Windows\System32\msvcp_win.dll
[0102/203139.243:ERROR:process_memory_win.cc(73)] ReadMemory at 0x7ffc03ab0000 of 64 bytes failed: Only part of a ReadProcessMemory or WriteProcessMemory request was completed. (0x12B)
[0102/203139.243:WARNING:pe_image_reader.cc(340)] could not read dos header from C:\Windows\System32\ucrtbase.dll
[0102/203139.243:ERROR:process_memory_win.cc(73)] ReadMemory at 0x7ffc04720000 of 64 bytes failed: Only part of a ReadProcessMemory or WriteProcessMemory request was completed. (0x12B)
[0102/203139.243:WARNING:pe_image_reader.cc(340)] could not read dos header from C:\Windows\System32\combase.dll
[0102/203139.243:ERROR:process_memory_win.cc(73)] ReadMemory at 0x7ffc039a0000 of 64 bytes failed: Only part of a ReadProcessMemory or WriteProcessMemory request was completed. (0x12B)
[0102/203139.243:WARNING:pe_image_reader.cc(340)] could not read dos header from C:\Windows\System32\WINTRUST.dll
[0102/203139.243:ERROR:process_memory_win.cc(73)] ReadMemory at 0x7ffc02aa0000 of 64 bytes failed: Only part of a ReadProcessMemory or WriteProcessMemory request was completed. (0x12B)
[0102/203139.243:WARNING:pe_image_reader.cc(340)] could not read dos header from C:\Windows\System32\MSASN1.dll
[0102/203139.243:ERROR:process_memory_win.cc(73)] ReadMemory at 0x7ffc03010000 of 64 bytes failed: Only part of a ReadProcessMemory or WriteProcessMemory request was completed. (0x12B)
[0102/203139.243:WARNING:pe_image_reader.cc(340)] could not read dos header from C:\Windows\System32\CRYPT32.dll
[0102/203139.243:ERROR:process_memory_win.cc(73)] ReadMemory at 0x7ffbfe870000 of 64 bytes failed: Only part of a ReadProcessMemory or WriteProcessMemory request was completed. (0x12B)
[0102/203139.243:WARNING:pe_image_reader.cc(340)] could not read dos header from C:\Windows\SYSTEM32\dbghelp.dll
[0102/203139.243:ERROR:process_memory_win.cc(73)] ReadMemory at 0x7ffc01f40000 of 64 bytes failed: Only part of a ReadProcessMemory or WriteProcessMemory request was completed. (0x12B)
[0102/203139.243:WARNING:pe_image_reader.cc(340)] could not read dos header from C:\Windows\SYSTEM32\IPHLPAPI.DLL
[0102/203139.243:ERROR:process_memory_win.cc(73)] ReadMemory at 0x7ffbf9c40000 of 64 bytes failed: Only part of a ReadProcessMemory or WriteProcessMemory request was completed. (0x12B)
[0102/203139.243:WARNING:pe_image_reader.cc(340)] could not read dos header from C:\Windows\SYSTEM32\WINMM.dll
[0102/203139.243:ERROR:process_memory_win.cc(73)] ReadMemory at 0x7ffbdcad0000 of 64 bytes failed: Only part of a ReadProcessMemory or WriteProcessMemory request was completed. (0x12B)
[0102/203139.243:WARNING:pe_image_reader.cc(340)] could not read dos header from C:\Windows\SYSTEM32\UIAutomationCore.DLL
[0102/203139.243:ERROR:process_memory_win.cc(73)] ReadMemory at 0x7ffbf4670000 of 64 bytes failed: Only part of a ReadProcessMemory or WriteProcessMemory request was completed. (0x12B)
[0102/203139.243:WARNING:pe_image_reader.cc(340)] could not read dos header from C:\Windows\SYSTEM32\Secur32.dll
[0102/203139.243:ERROR:process_memory_win.cc(73)] ReadMemory at 0x7ffc02960000 of 64 bytes failed: Only part of a ReadProcessMemory or WriteProcessMemory request was completed. (0x12B)
[0102/203139.243:WARNING:pe_image_reader.cc(340)] could not read dos header from C:\Windows\SYSTEM32\USERENV.dll
[0102/203139.243:ERROR:process_memory_win.cc(73)] ReadMemory at 0x7ffc02a70000 of 64 bytes failed: Only part of a ReadProcessMemory or WriteProcessMemory request was completed. (0x12B)
[0102/203139.243:WARNING:pe_image_reader.cc(340)] could not read dos header from C:\Windows\System32\profapi.dll
[0102/203139.243:ERROR:process_memory_win.cc(73)] ReadMemory at 0x7ffbebcd0000 of 64 bytes failed: Only part of a ReadProcessMemory or WriteProcessMemory request was completed. (0x12B)
[0102/203139.243:WARNING:pe_image_reader.cc(340)] could not read dos header from C:\Windows\SYSTEM32\DWrite.dll
[0102/203139.243:ERROR:process_memory_win.cc(73)] ReadMemory at 0x7ffbf9910000 of 64 bytes failed: Only part of a ReadProcessMemory or WriteProcessMemory request was completed. (0x12B)
[0102/203139.243:WARNING:pe_image_reader.cc(340)] could not read dos header from C:\Windows\SYSTEM32\WINSPOOL.DRV
[0102/203139.243:ERROR:process_memory_win.cc(73)] ReadMemory at 0x7ffc02a50000 of 64 bytes failed: Only part of a ReadProcessMemory or WriteProcessMemory request was completed. (0x12B)
[0102/203139.243:WARNING:pe_image_reader.cc(340)] could not read dos header from C:\Windows\System32\kernel.appcore.dll
[0102/203139.243:ERROR:process_memory_win.cc(73)] ReadMemory at 0x7ffc02d30000 of 64 bytes failed: Only part of a ReadProcessMemory or WriteProcessMemory request was completed. (0x12B)
[0102/203139.243:WARNING:pe_image_reader.cc(340)] could not read dos header from C:\Windows\System32\bcrypt.dll
[0102/203139.243:ERROR:process_memory_win.cc(73)] ReadMemory at 0x7ffbf8670000 of 64 bytes failed: Only part of a ReadProcessMemory or WriteProcessMemory request was completed. (0x12B)
[0102/203139.243:WARNING:pe_image_reader.cc(340)] could not read dos header from C:\Windows\SYSTEM32\WINHTTP.dll
[0102/203139.243:ERROR:process_memory_win.cc(73)] ReadMemory at 0x7ffbf98e0000 of 64 bytes failed: Only part of a ReadProcessMemory or WriteProcessMemory request was completed. (0x12B)
[0102/203139.243:WARNING:pe_image_reader.cc(340)] could not read dos header from C:\Windows\SYSTEM32\dhcpcsvc.DLL
[0102/203139.243:ERROR:process_memory_win.cc(73)] ReadMemory at 0x7ffc04370000 of 64 bytes failed: Only part of a ReadProcessMemory or WriteProcessMemory request was completed. (0x12B)
[0102/203139.243:WARNING:pe_image_reader.cc(340)] could not read dos header from C:\Windows\System32\NSI.dll
[0102/203139.243:ERROR:process_memory_win.cc(73)] ReadMemory at 0x7ffbf9c10000 of 64 bytes failed: Only part of a ReadProcessMemory or WriteProcessMemory request was completed. (0x12B)
[0102/203139.243:WARNING:pe_image_reader.cc(340)] could not read dos header from C:\Windows\SYSTEM32\WINMMBASE.dll
[0102/203139.243:ERROR:process_memory_win.cc(73)] ReadMemory at 0x7ffc02ce0000 of 64 bytes failed: Only part of a ReadProcessMemory or WriteProcessMemory request was completed. (0x12B)
[0102/203139.243:WARNING:pe_image_reader.cc(340)] could not read dos header from C:\Windows\System32\cfgmgr32.dll
[0102/203139.243:ERROR:process_memory_win.cc(73)] ReadMemory at 0x7ffbff070000 of 64 bytes failed: Only part of a ReadProcessMemory or WriteProcessMemory request was completed. (0x12B)
[0102/203139.243:WARNING:pe_image_reader.cc(340)] could not read dos header from C:\Windows\SYSTEM32\PROPSYS.dll
[0102/203139.243:ERROR:process_memory_win.cc(73)] ReadMemory at 0x7ffc045c0000 of 64 bytes failed: Only part of a ReadProcessMemory or WriteProcessMemory request was completed. (0x12B)
[0102/203139.243:WARNING:pe_image_reader.cc(340)] could not read dos header from C:\Windows\System32\shcore.dll
[0102/203139.243:ERROR:process_memory_win.cc(73)] ReadMemory at 0x7ffc02920000 of 64 bytes failed: Only part of a ReadProcessMemory or WriteProcessMemory request was completed. (0x12B)
[0102/203139.243:WARNING:pe_image_reader.cc(340)] could not read dos header from C:\Windows\SYSTEM32\SSPICLI.DLL
[0102/203139.243:ERROR:process_memory_win.cc(73)] ReadMemory at 0x7ffc04d20000 of 64 bytes failed: Only part of a ReadProcessMemory or WriteProcessMemory request was completed. (0x12B)
[0102/203139.243:WARNING:pe_image_reader.cc(340)] could not read dos header from C:\Windows\System32\SHELL32.dll
[0102/203139.243:ERROR:process_memory_win.cc(73)] ReadMemory at 0x7ffc03210000 of 64 bytes failed: Only part of a ReadProcessMemory or WriteProcessMemory request was completed. (0x12B)
[0102/203139.243:WARNING:pe_image_reader.cc(340)] could not read dos header from C:\Windows\System32\windows.storage.dll
[0102/203139.243:ERROR:process_memory_win.cc(73)] ReadMemory at 0x7ffc02ac0000 of 64 bytes failed: Only part of a ReadProcessMemory or WriteProcessMemory request was completed. (0x12B)
[0102/203139.243:WARNING:pe_image_reader.cc(340)] could not read dos header from C:\Windows\System32\powrprof.dll
[0102/203139.243:ERROR:process_memory_win.cc(73)] ReadMemory at 0x7ffc02a40000 of 64 bytes failed: Only part of a ReadProcessMemory or WriteProcessMemory request was completed. (0x12B)
[0102/203139.243:WARNING:pe_image_reader.cc(340)] could not read dos header from C:\Windows\System32\UMPDC.dll
[0102/203139.243:ERROR:process_memory_win.cc(73)] ReadMemory at 0x7ffc04550000 of 64 bytes failed: Only part of a ReadProcessMemory or WriteProcessMemory request was completed. (0x12B)
[0102/203139.243:WARNING:pe_image_reader.cc(340)] could not read dos header from C:\Windows\System32\shlwapi.dll
[0102/203139.243:ERROR:process_memory_win.cc(73)] ReadMemory at 0x7ffc04080000 of 64 bytes failed: Only part of a ReadProcessMemory or WriteProcessMemory request was completed. (0x12B)
[0102/203139.243:WARNING:pe_image_reader.cc(340)] could not read dos header from C:\Windows\System32\GDI32.dll
[0102/203139.243:ERROR:process_memory_win.cc(73)] ReadMemory at 0x7ffc02b10000 of 64 bytes failed: Only part of a ReadProcessMemory or WriteProcessMemory request was completed. (0x12B)
[0102/203139.243:WARNING:pe_image_reader.cc(340)] could not read dos header from C:\Windows\System32\win32u.dll
[0102/203139.243:ERROR:process_memory_win.cc(73)] ReadMemory at 0x7ffc02b40000 of 64 bytes failed: Only part of a ReadProcessMemory or WriteProcessMemory request was completed. (0x12B)
[0102/203139.243:WARNING:pe_image_reader.cc(340)] could not read dos header from C:\Windows\System32\gdi32full.dll
[0102/203139.243:ERROR:process_memory_win.cc(73)] ReadMemory at 0x7ffc04ae0000 of 64 bytes failed: Only part of a ReadProcessMemory or WriteProcessMemory request was completed. (0x12B)
[0102/203139.243:WARNING:pe_image_reader.cc(340)] could not read dos header from C:\Windows\System32\USER32.dll
[0102/203139.243:ERROR:process_memory_win.cc(73)] ReadMemory at 0x7ffc03a00000 of 64 bytes failed: Only part of a ReadProcessMemory or WriteProcessMemory request was completed. (0x12B)
[0102/203139.243:WARNING:pe_image_reader.cc(340)] could not read dos header from C:\Windows\System32\cryptsp.dll
[0102/203139.243:ERROR:process_memory_win.cc(73)] ReadMemory at 0x7ffc03c50000 of 64 bytes failed: Only part of a ReadProcessMemory or WriteProcessMemory request was completed. (0x12B)
[0102/203139.243:WARNING:pe_image_reader.cc(340)] could not read dos header from C:\Windows\System32\IMM32.DLL
[0102/203139.243:ERROR:process_memory_win.cc(73)] ReadMemory at 0x7ffc02400000 of 64 bytes failed: Only part of a ReadProcessMemory or WriteProcessMemory request was completed. (0x12B)
[0102/203139.243:WARNING:pe_image_reader.cc(340)] could not read dos header from C:\Windows\SYSTEM32\CRYPTBASE.DLL
[0102/203139.243:ERROR:process_memory_win.cc(73)] ReadMemory at 0x7ff73bd80000 of 64 bytes failed: Only part of a ReadProcessMemory or WriteProcessMemory request was completed. (0x12B)
[0102/203139.243:WARNING:pe_image_reader.cc(340)] could not read dos header from C:\Program Files (x86)\Google\Chrome\Application\chrome.exe
[0102/203139.243:ERROR:process_memory_win.cc(73)] ReadMemory at 0x7ffc05ba0000 of 64 bytes failed: Only part of a ReadProcessMemory or WriteProcessMemory request was completed. (0x12B)
[0102/203139.243:WARNING:pe_image_reader.cc(340)] could not read dos header from C:\Windows\SYSTEM32\ntdll.dll
[0102/203139.243:ERROR:process_memory_win.cc(73)] ReadMemory at 0x7ffc03c80000 of 64 bytes failed: Only part of a ReadProcessMemory or WriteProcessMemory request was completed. (0x12B)
[0102/203139.243:WARNING:pe_image_reader.cc(340)] could not read dos header from C:\Windows\System32\KERNEL32.DLL
[0102/203139.243:ERROR:process_memory_win.cc(73)] ReadMemory at 0x7ffc02d60000 of 64 bytes failed: Only part of a ReadProcessMemory or WriteProcessMemory request was completed. (0x12B)
[0102/203139.243:WARNING:pe_image_reader.cc(340)] could not read dos header from C:\Windows\System32\KERNELBASE.dll
[0102/203139.243:ERROR:process_memory_win.cc(73)] ReadMemory at 0x7ffbda760000 of 64 bytes failed: Only part of a ReadProcessMemory or WriteProcessMemory request was completed. (0x12B)
[0102/203139.243:WARNING:pe_image_reader.cc(340)] could not read dos header from C:\Program Files (x86)\Google\Chrome\Application\87.0.4280.88\chrome_elf.dll
[0102/203139.243:ERROR:process_memory_win.cc(73)] ReadMemory at 0x7ffbf7c30000 of 64 bytes failed: Only part of a ReadProcessMemory or WriteProcessMemory request was completed. (0x12B)
[0102/203139.243:WARNING:pe_image_reader.cc(340)] could not read dos header from C:\Windows\SYSTEM32\VERSION.dll
[0102/203139.243:ERROR:process_memory_win.cc(73)] ReadMemory at 0x7ffc04120000 of 64 bytes failed: Only part of a ReadProcessMemory or WriteProcessMemory request was completed. (0x12B)
[0102/203139.243:WARNING:pe_image_reader.cc(340)] could not read dos header from C:\Windows\System32\msvcrt.dll
[0102/203139.243:ERROR:process_memory_win.cc(73)] ReadMemory at 0x7ffc03a20000 of 64 bytes failed: Only part of a ReadProcessMemory or WriteProcessMemory request was completed. (0x12B)
[0102/203139.243:WARNING:pe_image_reader.cc(340)] could not read dos header from C:\Windows\System32\bcryptPrimitives.dll
[0102/203139.243:ERROR:process_memory_win.cc(73)] ReadMemory at 0x7ffc04670000 of 64 bytes failed: Only part of a ReadProcessMemory or WriteProcessMemory request was completed. (0x12B)
[0102/203139.243:WARNING:pe_image_reader.cc(340)] could not read dos header from C:\Windows\System32\ADVAPI32.dll
[0102/203139.243:ERROR:process_memory_win.cc(73)] ReadMemory at 0x7ffc04c80000 of 64 bytes failed: Only part of a ReadProcessMemory or WriteProcessMemory request was completed. (0x12B)
[0102/203139.243:WARNING:pe_image_reader.cc(340)] could not read dos header from C:\Windows\System32\sechost.dll
[0102/203139.243:ERROR:process_memory_win.cc(73)] ReadMemory at 0x7ffc05410000 of 64 bytes failed: Only part of a ReadProcessMemory or WriteProcessMemory request was completed. (0x12B)
[0102/203139.243:WARNING:pe_image_reader.cc(340)] could not read dos header from C:\Windows\System32\RPCRT4.dll
[0102/203139.243:ERROR:process_memory_win.cc(73)] ReadMemory at 0x7ffb7f180000 of 64 bytes failed: Only part of a ReadProcessMemory or WriteProcessMemory request was completed. (0x12B)
[0102/203139.243:WARNING:pe_image_reader.cc(340)] could not read dos header from C:\Program Files (x86)\Google\Chrome\Application\87.0.4280.88\chrome.dll
[0102/203139.243:ERROR:process_memory_win.cc(73)] ReadMemory at 0x7ffc05530000 of 64 bytes failed: Only part of a ReadProcessMemory or WriteProcessMemory request was completed. (0x12B)
[0102/203139.243:WARNING:pe_image_reader.cc(340)] could not read dos header from C:\Windows\System32\WS2_32.dll
[0102/203139.243:ERROR:process_memory_win.cc(73)] ReadMemory at 0x7ffc03fb0000 of 64 bytes failed: Only part of a ReadProcessMemory or WriteProcessMemory request was completed. (0x12B)
[0102/203139.243:WARNING:pe_image_reader.cc(340)] could not read dos header from C:\Windows\System32\OLEAUT32.dll
[0102/203139.243:ERROR:process_memory_win.cc(73)] ReadMemory at 0x7ffc03bb0000 of 64 bytes failed: Only part of a ReadProcessMemory or WriteProcessMemory request was completed. (0x12B)
[0102/203139.243:WARNING:pe_image_reader.cc(340)] could not read dos header from C:\Windows\System32\msvcp_win.dll
[0102/203139.243:ERROR:process_memory_win.cc(73)] ReadMemory at 0x7ffc03ab0000 of 64 bytes failed: Only part of a ReadProcessMemory or WriteProcessMemory request was completed. (0x12B)
[0102/203139.243:WARNING:pe_image_reader.cc(340)] could not read dos header from C:\Windows\System32\ucrtbase.dll
[0102/203139.243:ERROR:process_memory_win.cc(73)] ReadMemory at 0x7ffc04720000 of 64 bytes failed: Only part of a ReadProcessMemory or WriteProcessMemory request was completed. (0x12B)
[0102/203139.243:WARNING:pe_image_reader.cc(340)] could not read dos header from C:\Windows\System32\combase.dll
[0102/203139.243:ERROR:process_memory_win.cc(73)] ReadMemory at 0x7ffc039a0000 of 64 bytes failed: Only part of a ReadProcessMemory or WriteProcessMemory request was completed. (0x12B)
[0102/203139.243:WARNING:pe_image_reader.cc(340)] could not read dos header from C:\Windows\System32\WINTRUST.dll
[0102/203139.243:ERROR:process_memory_win.cc(73)] ReadMemory at 0x7ffc02aa0000 of 64 bytes failed: Only part of a ReadProcessMemory or WriteProcessMemory request was completed. (0x12B)
[0102/203139.243:WARNING:pe_image_reader.cc(340)] could not read dos header from C:\Windows\System32\MSASN1.dll
[0102/203139.243:ERROR:process_memory_win.cc(73)] ReadMemory at 0x7ffc03010000 of 64 bytes failed: Only part of a ReadProcessMemory or WriteProcessMemory request was completed. (0x12B)
[0102/203139.243:WARNING:pe_image_reader.cc(340)] could not read dos header from C:\Windows\System32\CRYPT32.dll
[0102/203139.243:ERROR:process_memory_win.cc(73)] ReadMemory at 0x7ffbfe870000 of 64 bytes failed: Only part of a ReadProcessMemory or WriteProcessMemory request was completed. (0x12B)
[0102/203139.243:WARNING:pe_image_reader.cc(340)] could not read dos header from C:\Windows\SYSTEM32\dbghelp.dll
[0102/203139.243:ERROR:process_memory_win.cc(73)] ReadMemory at 0x7ffc01f40000 of 64 bytes failed: Only part of a ReadProcessMemory or WriteProcessMemory request was completed. (0x12B)
[0102/203139.243:WARNING:pe_image_reader.cc(340)] could not read dos header from C:\Windows\SYSTEM32\IPHLPAPI.DLL
[0102/203139.243:ERROR:process_memory_win.cc(73)] ReadMemory at 0x7ffbf9c40000 of 64 bytes failed: Only part of a ReadProcessMemory or WriteProcessMemory request was completed. (0x12B)
[0102/203139.243:WARNING:pe_image_reader.cc(340)] could not read dos header from C:\Windows\SYSTEM32\WINMM.dll
[0102/203139.243:ERROR:process_memory_win.cc(73)] ReadMemory at 0x7ffbdcad0000 of 64 bytes failed: Only part of a ReadProcessMemory or WriteProcessMemory request was completed. (0x12B)
[0102/203139.243:WARNING:pe_image_reader.cc(340)] could not read dos header from C:\Windows\SYSTEM32\UIAutomationCore.DLL
[0102/203139.243:ERROR:process_memory_win.cc(73)] ReadMemory at 0x7ffbf4670000 of 64 bytes failed: Only part of a ReadProcessMemory or WriteProcessMemory request was completed. (0x12B)
[0102/203139.243:WARNING:pe_image_reader.cc(340)] could not read dos header from C:\Windows\SYSTEM32\Secur32.dll
[0102/203139.243:ERROR:process_memory_win.cc(73)] ReadMemory at 0x7ffc02960000 of 64 bytes failed: Only part of a ReadProcessMemory or WriteProcessMemory request was completed. (0x12B)
[0102/203139.243:WARNING:pe_image_reader.cc(340)] could not read dos header from C:\Windows\SYSTEM32\USERENV.dll
[0102/203139.243:ERROR:process_memory_win.cc(73)] ReadMemory at 0x7ffc02a70000 of 64 bytes failed: Only part of a ReadProcessMemory or WriteProcessMemory request was completed. (0x12B)
[0102/203139.243:WARNING:pe_image_reader.cc(340)] could not read dos header from C:\Windows\System32\profapi.dll
[0102/203139.243:ERROR:process_memory_win.cc(73)] ReadMemory at 0x7ffbebcd0000 of 64 bytes failed: Only part of a ReadProcessMemory or WriteProcessMemory request was completed. (0x12B)
[0102/203139.243:WARNING:pe_image_reader.cc(340)] could not read dos header from C:\Windows\SYSTEM32\DWrite.dll
[0102/203139.243:ERROR:process_memory_win.cc(73)] ReadMemory at 0x7ffbf9910000 of 64 bytes failed: Only part of a ReadProcessMemory or WriteProcessMemory request was completed. (0x12B)
[0102/203139.243:WARNING:pe_image_reader.cc(340)] could not read dos header from C:\Windows\SYSTEM32\WINSPOOL.DRV
[0102/203139.243:ERROR:process_memory_win.cc(73)] ReadMemory at 0x7ffc02a50000 of 64 bytes failed: Only part of a ReadProcessMemory or WriteProcessMemory request was completed. (0x12B)
[0102/203139.243:WARNING:pe_image_reader.cc(340)] could not read dos header from C:\Windows\System32\kernel.appcore.dll
[0102/203139.243:ERROR:process_memory_win.cc(73)] ReadMemory at 0x7ffc02d30000 of 64 bytes failed: Only part of a ReadProcessMemory or WriteProcessMemory request was completed. (0x12B)
[0102/203139.243:WARNING:pe_image_reader.cc(340)] could not read dos header from C:\Windows\System32\bcrypt.dll
[0102/203139.243:ERROR:process_memory_win.cc(73)] ReadMemory at 0x7ffbf8670000 of 64 bytes failed: Only part of a ReadProcessMemory or WriteProcessMemory request was completed. (0x12B)
[0102/203139.243:WARNING:pe_image_reader.cc(340)] could not read dos header from C:\Windows\SYSTEM32\WINHTTP.dll
[0102/203139.243:ERROR:process_memory_win.cc(73)] ReadMemory at 0x7ffbf98e0000 of 64 bytes failed: Only part of a ReadProcessMemory or WriteProcessMemory request was completed. (0x12B)
[0102/203139.243:WARNING:pe_image_reader.cc(340)] could not read dos header from C:\Windows\SYSTEM32\dhcpcsvc.DLL
[0102/203139.243:ERROR:process_memory_win.cc(73)] ReadMemory at 0x7ffc04370000 of 64 bytes failed: Only part of a ReadProcessMemory or WriteProcessMemory request was completed. (0x12B)
[0102/203139.243:WARNING:pe_image_reader.cc(340)] could not read dos header from C:\Windows\System32\NSI.dll
[0102/203139.243:ERROR:process_memory_win.cc(73)] ReadMemory at 0x7ffbf9c10000 of 64 bytes failed: Only part of a ReadProcessMemory or WriteProcessMemory request was completed. (0x12B)
[0102/203139.243:WARNING:pe_image_reader.cc(340)] could not read dos header from C:\Windows\SYSTEM32\WINMMBASE.dll
[0102/203139.243:ERROR:process_memory_win.cc(73)] ReadMemory at 0x7ffc02ce0000 of 64 bytes failed: Only part of a ReadProcessMemory or WriteProcessMemory request was completed. (0x12B)
[0102/203139.243:WARNING:pe_image_reader.cc(340)] could not read dos header from C:\Windows\System32\cfgmgr32.dll
[0102/203139.243:ERROR:process_memory_win.cc(73)] ReadMemory at 0x7ffbff070000 of 64 bytes failed: Only part of a ReadProcessMemory or WriteProcessMemory request was completed. (0x12B)
[0102/203139.243:WARNING:pe_image_reader.cc(340)] could not read dos header from C:\Windows\SYSTEM32\PROPSYS.dll
[0102/203139.243:ERROR:process_memory_win.cc(73)] ReadMemory at 0x7ffc045c0000 of 64 bytes failed: Only part of a ReadProcessMemory or WriteProcessMemory request was completed. (0x12B)
[0102/203139.243:WARNING:pe_image_reader.cc(340)] could not read dos header from C:\Windows\System32\shcore.dll
[0102/203139.243:ERROR:process_memory_win.cc(73)] ReadMemory at 0x7ffc02920000 of 64 bytes failed: Only part of a ReadProcessMemory or WriteProcessMemory request was completed. (0x12B)
[0102/203139.243:WARNING:pe_image_reader.cc(340)] could not read dos header from C:\Windows\SYSTEM32\SSPICLI.DLL
[0102/203139.243:ERROR:process_memory_win.cc(73)] ReadMemory at 0x7ffc04d20000 of 64 bytes failed: Only part of a ReadProcessMemory or WriteProcessMemory request was completed. (0x12B)
[0102/203139.243:WARNING:pe_image_reader.cc(340)] could not read dos header from C:\Windows\System32\SHELL32.dll
[0102/203139.243:ERROR:process_memory_win.cc(73)] ReadMemory at 0x7ffc03210000 of 64 bytes failed: Only part of a ReadProcessMemory or WriteProcessMemory request was completed. (0x12B)
[0102/203139.243:WARNING:pe_image_reader.cc(340)] could not read dos header from C:\Windows\System32\windows.storage.dll
[0102/203139.243:ERROR:process_memory_win.cc(73)] ReadMemory at 0x7ffc02ac0000 of 64 bytes failed: Only part of a ReadProcessMemory or WriteProcessMemory request was completed. (0x12B)
[0102/203139.243:WARNING:pe_image_reader.cc(340)] could not read dos header from C:\Windows\System32\powrprof.dll
[0102/203139.243:ERROR:process_memory_win.cc(73)] ReadMemory at 0x7ffc02a40000 of 64 bytes failed: Only part of a ReadProcessMemory or WriteProcessMemory request was completed. (0x12B)
[0102/203139.243:WARNING:pe_image_reader.cc(340)] could not read dos header from C:\Windows\System32\UMPDC.dll
[0102/203139.243:ERROR:process_memory_win.cc(73)] ReadMemory at 0x7ffc04550000 of 64 bytes failed: Only part of a ReadProcessMemory or WriteProcessMemory request was completed. (0x12B)
[0102/203139.243:WARNING:pe_image_reader.cc(340)] could not read dos header from C:\Windows\System32\shlwapi.dll
[0102/203139.243:ERROR:process_memory_win.cc(73)] ReadMemory at 0x7ffc04080000 of 64 bytes failed: Only part of a ReadProcessMemory or WriteProcessMemory request was completed. (0x12B)
[0102/203139.243:WARNING:pe_image_reader.cc(340)] could not read dos header from C:\Windows\System32\GDI32.dll
[0102/203139.243:ERROR:process_memory_win.cc(73)] ReadMemory at 0x7ffc02b10000 of 64 bytes failed: Only part of a ReadProcessMemory or WriteProcessMemory request was completed. (0x12B)
[0102/203139.243:WARNING:pe_image_reader.cc(340)] could not read dos header from C:\Windows\System32\win32u.dll
[0102/203139.243:ERROR:process_memory_win.cc(73)] ReadMemory at 0x7ffc02b40000 of 64 bytes failed: Only part of a ReadProcessMemory or WriteProcessMemory request was completed. (0x12B)
[0102/203139.243:WARNING:pe_image_reader.cc(340)] could not read dos header from C:\Windows\System32\gdi32full.dll
[0102/203139.243:ERROR:process_memory_win.cc(73)] ReadMemory at 0x7ffc04ae0000 of 64 bytes failed: Only part of a ReadProcessMemory or WriteProcessMemory request was completed. (0x12B)
[0102/203139.243:WARNING:pe_image_reader.cc(340)] could not read dos header from C:\Windows\System32\USER32.dll
[0102/203139.243:ERROR:process_memory_win.cc(73)] ReadMemory at 0x7ffc03a00000 of 64 bytes failed: Only part of a ReadProcessMemory or WriteProcessMemory request was completed. (0x12B)
[0102/203139.243:WARNING:pe_image_reader.cc(340)] could not read dos header from C:\Windows\System32\cryptsp.dll
[0102/203139.243:ERROR:process_memory_win.cc(73)] ReadMemory at 0x7ffc03c50000 of 64 bytes failed: Only part of a ReadProcessMemory or WriteProcessMemory request was completed. (0x12B)
[0102/203139.243:WARNING:pe_image_reader.cc(340)] could not read dos header from C:\Windows\System32\IMM32.DLL
[0102/203139.243:ERROR:process_memory_win.cc(73)] ReadMemory at 0x7ffc02400000 of 64 bytes failed: Only part of a ReadProcessMemory or WriteProcessMemory request was completed. (0x12B)
[0102/203139.243:WARNING:pe_image_reader.cc(340)] could not read dos header from C:\Windows\SYSTEM32\CRYPTBASE.DLL
[0102/203139.258:ERROR:process_memory_win.cc(73)] ReadMemory at 0x738dbed000 of 77824 bytes failed: Only part of a ReadProcessMemory or WriteProcessMemory request was completed. (0x12B)
[0102/203139.258:ERROR:process_memory_win.cc(73)] ReadMemory at 0x738e3fe000 of 8192 bytes failed: Only part of a ReadProcessMemory or WriteProcessMemory request was completed. (0x12B)
[0102/203139.258:ERROR:process_memory_win.cc(73)] ReadMemory at 0x738ebfd000 of 12288 bytes failed: Only part of a ReadProcessMemory or WriteProcessMemory request was completed. (0x12B)
[0102/203139.258:ERROR:process_memory_win.cc(73)] ReadMemory at 0x738f3fd000 of 12288 bytes failed: Only part of a ReadProcessMemory or WriteProcessMemory request was completed. (0x12B)
[0102/203139.258:ERROR:process_memory_win.cc(73)] ReadMemory at 0x738fbfe000 of 8192 bytes failed: Only part of a ReadProcessMemory or WriteProcessMemory request was completed. (0x12B)
[0102/203139.258:ERROR:process_memory_win.cc(73)] ReadMemory at 0x73903fd000 of 12288 bytes failed: Only part of a ReadProcessMemory or WriteProcessMemory request was completed. (0x12B)
[0102/203139.258:ERROR:process_memory_win.cc(73)] ReadMemory at 0x7390bfe000 of 8192 bytes failed: Only part of a ReadProcessMemory or WriteProcessMemory request was completed. (0x12B)
[0102/203139.258:ERROR:process_memory_win.cc(73)] ReadMemory at 0x73913fe000 of 8192 bytes failed: Only part of a ReadProcessMemory or WriteProcessMemory request was completed. (0x12B)
[0102/203139.258:ERROR:process_memory_win.cc(73)] ReadMemory at 0x7391bfd000 of 12288 bytes failed: Only part of a ReadProcessMemory or WriteProcessMemory request was completed. (0x12B)
[0102/203139.258:ERROR:process_memory_win.cc(73)] ReadMemory at 0x73923fe000 of 8192 bytes failed: Only part of a ReadProcessMemory or WriteProcessMemory request was completed. (0x12B)
[0102/203139.258:ERROR:process_memory_win.cc(73)] ReadMemory at 0x7392bfe000 of 8192 bytes failed: Only part of a ReadProcessMemory or WriteProcessMemory request was completed. (0x12B)
[0102/203139.258:ERROR:process_memory_win.cc(73)] ReadMemory at 0x73933fe000 of 8192 bytes failed: Only part of a ReadProcessMemory or WriteProcessMemory request was completed. (0x12B)
[0102/203139.258:ERROR:process_memory_win.cc(73)] ReadMemory at 0x7393bfd000 of 12288 bytes failed: Only part of a ReadProcessMemory or WriteProcessMemory request was completed. (0x12B)
[0102/203139.258:ERROR:process_memory_win.cc(73)] ReadMemory at 0x73943fe000 of 8192 bytes failed: Only part of a ReadProcessMemory or WriteProcessMemory request was completed. (0x12B)
[0102/203139.258:ERROR:process_memory_win.cc(73)] ReadMemory at 0x738d370000 of 852 bytes failed: Only part of a ReadProcessMemory or WriteProcessMemory request was completed. (0x12B)
[0102/203139.258:ERROR:process_memory_win.cc(73)] ReadMemory at 0x738d371000 of 6024 bytes failed: Only part of a ReadProcessMemory or WriteProcessMemory request was completed. (0x12B)
[0102/203139.258:ERROR:process_memory_win.cc(73)] ReadMemory at 0x738d373000 of 6024 bytes failed: Only part of a ReadProcessMemory or WriteProcessMemory request was completed. (0x12B)
[0102/203139.258:ERROR:process_memory_win.cc(73)] ReadMemory at 0x738d375000 of 6024 bytes failed: Only part of a ReadProcessMemory or WriteProcessMemory request was completed. (0x12B)
[0102/203139.258:ERROR:process_memory_win.cc(73)] ReadMemory at 0x738d377000 of 6024 bytes failed: Only part of a ReadProcessMemory or WriteProcessMemory request was completed. (0x12B)
[0102/203139.258:ERROR:process_memory_win.cc(73)] ReadMemory at 0x738d379000 of 6024 bytes failed: Only part of a ReadProcessMemory or WriteProcessMemory request was completed. (0x12B)
[0102/203139.258:ERROR:process_memory_win.cc(73)] ReadMemory at 0x738d37b000 of 6024 bytes failed: Only part of a ReadProcessMemory or WriteProcessMemory request was completed. (0x12B)
[0102/203139.258:ERROR:process_memory_win.cc(73)] ReadMemory at 0x738d37d000 of 6024 bytes failed: Only part of a ReadProcessMemory or WriteProcessMemory request was completed. (0x12B)
[0102/203139.258:ERROR:process_memory_win.cc(73)] ReadMemory at 0x738d37f000 of 6024 bytes failed: Only part of a ReadProcessMemory or WriteProcessMemory request was completed. (0x12B)
[0102/203139.258:ERROR:process_memory_win.cc(73)] ReadMemory at 0x738d381000 of 6024 bytes failed: Only part of a ReadProcessMemory or WriteProcessMemory request was completed. (0x12B)
[0102/203139.258:ERROR:process_memory_win.cc(73)] ReadMemory at 0x738d383000 of 6024 bytes failed: Only part of a ReadProcessMemory or WriteProcessMemory request was completed. (0x12B)
[0102/203139.258:ERROR:process_memory_win.cc(73)] ReadMemory at 0x738d385000 of 6024 bytes failed: Only part of a ReadProcessMemory or WriteProcessMemory request was completed. (0x12B)
[0102/203139.258:ERROR:process_memory_win.cc(73)] ReadMemory at 0x738d387000 of 6024 bytes failed: Only part of a ReadProcessMemory or WriteProcessMemory request was completed. (0x12B)
[0102/203139.258:ERROR:process_memory_win.cc(73)] ReadMemory at 0x738d389000 of 6024 bytes failed: Only part of a ReadProcessMemory or WriteProcessMemory request was completed. (0x12B)
[0102/203139.258:ERROR:process_memory_win.cc(73)] ReadMemory at 0x738d38b000 of 6024 bytes failed: Only part of a ReadProcessMemory or WriteProcessMemory request was completed. (0x12B)
[0102/203139.258:ERROR:process_memory_win.cc(73)] ReadMemory at 0x19c4c540fe0 of 4702 bytes failed: Only part of a ReadProcessMemory or WriteProcessMemory request was completed. (0x12B)
[0102/203139.258:ERROR:process_memory_win.cc(73)] ReadMemory at 0x19c4c542250 of 1012 bytes failed: Only part of a ReadProcessMemory or WriteProcessMemory request was completed. (0x12B)
[0102/203139.258:ERROR:process_memory_win.cc(73)] ReadMemory at 0x19c4c542898 of 118 bytes failed: Only part of a ReadProcessMemory or WriteProcessMemory request was completed. (0x12B)
[0102/203139.258:ERROR:process_memory_win.cc(73)] ReadMemory at 0x19c4c542910 of 1226 bytes failed: Only part of a ReadProcessMemory or WriteProcessMemory request was completed. (0x12B)
[0102/203139.258:ERROR:process_memory_win.cc(73)] ReadMemory at 0x19c4c542ddc of 118 bytes failed: Only part of a ReadProcessMemory or WriteProcessMemory request was completed. (0x12B)
[0102/203139.258:ERROR:process_memory_win.cc(73)] ReadMemory at 0x19c4c542e54 of 96 bytes failed: Only part of a ReadProcessMemory or WriteProcessMemory request was completed. (0x12B)
[0102/203139.258:ERROR:process_memory_win.cc(73)] ReadMemory at 0x19c4c542ec0 of 58 bytes failed: Only part of a ReadProcessMemory or WriteProcessMemory request was completed. (0x12B)
[0102/203139.258:ERROR:process_memory_win.cc(73)] ReadMemory at 0x19c4c542fc0 of 132 bytes failed: Only part of a ReadProcessMemory or WriteProcessMemory request was completed. (0x12B)
[0102/203139.258:ERROR:process_memory_win.cc(73)] ReadMemory at 0x19c4c543150 of 132 bytes failed: Only part of a ReadProcessMemory or WriteProcessMemory request was completed. (0x12B)
[0102/203139.258:ERROR:process_memory_win.cc(73)] ReadMemory at 0x19c4c543310 of 124 bytes failed: Only part of a ReadProcessMemory or WriteProcessMemory request was completed. (0x12B)
[0102/203139.258:ERROR:process_memory_win.cc(73)] ReadMemory at 0x19c4c543810 of 132 bytes failed: Only part of a ReadProcessMemory or WriteProcessMemory request was completed. (0x12B)
[0102/203139.258:ERROR:process_memory_win.cc(73)] ReadMemory at 0x19c4c5439a0 of 64 bytes failed: Only part of a ReadProcessMemory or WriteProcessMemory request was completed. (0x12B)
[0102/203139.258:ERROR:process_memory_win.cc(73)] ReadMemory at 0x19c4c543b60 of 132 bytes failed: Only part of a ReadProcessMemory or WriteProcessMemory request was completed. (0x12B)
[0102/203139.258:ERROR:process_memory_win.cc(73)] ReadMemory at 0x19c4c543e00 of 132 bytes failed: Only part of a ReadProcessMemory or WriteProcessMemory request was completed. (0x12B)
[0102/203139.258:ERROR:process_memory_win.cc(73)] ReadMemory at 0x19c4c543f90 of 68 bytes failed: Only part of a ReadProcessMemory or WriteProcessMemory request was completed. (0x12B)
[0102/203139.258:ERROR:process_memory_win.cc(73)] ReadMemory at 0x19c4c545140 of 132 bytes failed: Only part of a ReadProcessMemory or WriteProcessMemory request was completed. (0x12B)
[0102/203139.258:ERROR:process_memory_win.cc(73)] ReadMemory at 0x19c4c5452d0 of 152 bytes failed: Only part of a ReadProcessMemory or WriteProcessMemory request was completed. (0x12B)
[0102/203139.258:ERROR:process_memory_win.cc(73)] ReadMemory at 0x19c4c545f30 of 60 bytes failed: Only part of a ReadProcessMemory or WriteProcessMemory request was completed. (0x12B)
[0102/203139.258:ERROR:process_memory_win.cc(73)] ReadMemory at 0x19c4c545fb0 of 62 bytes failed: Only part of a ReadProcessMemory or WriteProcessMemory request was completed. (0x12B)
[0102/203139.258:ERROR:process_memory_win.cc(73)] ReadMemory at 0x19c4c5461a0 of 132 bytes failed: Only part of a ReadProcessMemory or WriteProcessMemory request was completed. (0x12B)
[0102/203139.258:ERROR:process_memory_win.cc(73)] ReadMemory at 0x19c4c54aeba of 512 bytes failed: Only part of a ReadProcessMemory or WriteProcessMemory request was completed. (0x12B)
[0102/203139.258:ERROR:process_memory_win.cc(73)] ReadMemory at 0x19c4c54ef00 of 54 bytes failed: Only part of a ReadProcessMemory or WriteProcessMemory request was completed. (0x12B)
[0102/203139.258:ERROR:process_memory_win.cc(73)] ReadMemory at 0x19c4c54f740 of 80 bytes failed: Only part of a ReadProcessMemory or WriteProcessMemory request was completed. (0x12B)
[0102/203139.258:ERROR:process_memory_win.cc(73)] ReadMemory at 0x19c4c5535c0 of 132 bytes failed: Only part of a ReadProcessMemory or WriteProcessMemory request was completed. (0x12B)
[0102/203139.258:ERROR:process_memory_win.cc(73)] ReadMemory at 0x19c4c5536f0 of 132 bytes failed: Only part of a ReadProcessMemory or WriteProcessMemory request was completed. (0x12B)
[0102/203139.258:ERROR:process_memory_win.cc(73)] ReadMemory at 0x19c4c553af0 of 132 bytes failed: Only part of a ReadProcessMemory or WriteProcessMemory request was completed. (0x12B)
[0102/203139.258:ERROR:process_memory_win.cc(73)] ReadMemory at 0x19c4c553df0 of 132 bytes failed: Only part of a ReadProcessMemory or WriteProcessMemory request was completed. (0x12B)
[0102/203139.258:ERROR:process_memory_win.cc(73)] ReadMemory at 0x19c4c553f20 of 132 bytes failed: Only part of a ReadProcessMemory or WriteProcessMemory request was completed. (0x12B)
[0102/203139.258:ERROR:process_memory_win.cc(73)] ReadMemory at 0x19c4c5557c0 of 144 bytes failed: Only part of a ReadProcessMemory or WriteProcessMemory request was completed. (0x12B)
[0102/203139.258:ERROR:process_memory_win.cc(73)] ReadMemory at 0x19c4c556830 of 132 bytes failed: Only part of a ReadProcessMemory or WriteProcessMemory request was completed. (0x12B)
[0102/203139.258:ERROR:process_memory_win.cc(73)] ReadMemory at 0x19c4c556a50 of 132 bytes failed: Only part of a ReadProcessMemory or WriteProcessMemory request was completed. (0x12B)
[0102/203139.258:ERROR:process_memory_win.cc(73)] ReadMemory at 0x19c4c556db0 of 132 bytes failed: Only part of a ReadProcessMemory or WriteProcessMemory request was completed. (0x12B)
[0102/203139.258:ERROR:process_memory_win.cc(73)] ReadMemory at 0x19c4c559040 of 66 bytes failed: Only part of a ReadProcessMemory or WriteProcessMemory request was completed. (0x12B)
[0102/203139.258:ERROR:process_memory_win.cc(73)] ReadMemory at 0x19c4c559090 of 64 bytes failed: Only part of a ReadProcessMemory or WriteProcessMemory request was completed. (0x12B)
[0102/203139.258:ERROR:process_memory_win.cc(73)] ReadMemory at 0x19c4c559180 of 62 bytes failed: Only part of a ReadProcessMemory or WriteProcessMemory request was completed. (0x12B)
[0102/203139.258:ERROR:process_memory_win.cc(73)] ReadMemory at 0x19c4c559220 of 64 bytes failed: Only part of a ReadProcessMemory or WriteProcessMemory request was completed. (0x12B)
[0102/203139.258:ERROR:process_memory_win.cc(73)] ReadMemory at 0x19c4c5592c0 of 62 bytes failed: Only part of a ReadProcessMemory or WriteProcessMemory request was completed. (0x12B)
[0102/203139.258:ERROR:process_memory_win.cc(73)] ReadMemory at 0x19c4c559360 of 64 bytes failed: Only part of a ReadProcessMemory or WriteProcessMemory request was completed. (0x12B)
[0102/203139.258:ERROR:process_memory_win.cc(73)] ReadMemory at 0x19c4c559400 of 62 bytes failed: Only part of a ReadProcessMemory or WriteProcessMemory request was completed. (0x12B)
[0102/203139.258:ERROR:process_memory_win.cc(73)] ReadMemory at 0x19c4c559450 of 62 bytes failed: Only part of a ReadProcessMemory or WriteProcessMemory request was completed. (0x12B)
[0102/203139.258:ERROR:process_memory_win.cc(73)] ReadMemory at 0x19c4c5594f0 of 62 bytes failed: Only part of a ReadProcessMemory or WriteProcessMemory request was completed. (0x12B)
[0102/203139.258:ERROR:process_memory_win.cc(73)] ReadMemory at 0x19c4c559540 of 62 bytes failed: Only part of a ReadProcessMemory or WriteProcessMemory request was completed. (0x12B)
[0102/203139.258:ERROR:process_memory_win.cc(73)] ReadMemory at 0x19c4c5595e0 of 62 bytes failed: Only part of a ReadProcessMemory or WriteProcessMemory request was completed. (0x12B)
[0102/203139.258:ERROR:process_memory_win.cc(73)] ReadMemory at 0x19c4c5596d0 of 64 bytes failed: Only part of a ReadProcessMemory or WriteProcessMemory request was completed. (0x12B)
[0102/203139.258:ERROR:process_memory_win.cc(73)] ReadMemory at 0x19c4c5597c0 of 66 bytes failed: Only part of a ReadProcessMemory or WriteProcessMemory request was completed. (0x12B)
[0102/203139.258:ERROR:process_memory_win.cc(73)] ReadMemory at 0x19c4c559810 of 64 bytes failed: Only part of a ReadProcessMemory or WriteProcessMemory request was completed. (0x12B)
[0102/203139.258:ERROR:process_memory_win.cc(73)] ReadMemory at 0x19c4c559860 of 60 bytes failed: Only part of a ReadProcessMemory or WriteProcessMemory request was completed. (0x12B)
[0102/203139.258:ERROR:process_memory_win.cc(73)] ReadMemory at 0x19c4c559900 of 60 bytes failed: Only part of a ReadProcessMemory or WriteProcessMemory request was completed. (0x12B)
[0102/203139.258:ERROR:process_memory_win.cc(73)] ReadMemory at 0x19c4c5599a0 of 64 bytes failed: Only part of a ReadProcessMemory or WriteProcessMemory request was completed. (0x12B)
[0102/203139.258:ERROR:process_memory_win.cc(73)] ReadMemory at 0x19c4c559a40 of 64 bytes failed: Only part of a ReadProcessMemory or WriteProcessMemory request was completed. (0x12B)
[0102/203139.258:ERROR:process_memory_win.cc(73)] ReadMemory at 0x19c4c559a90 of 64 bytes failed: Only part of a ReadProcessMemory or WriteProcessMemory request was completed. (0x12B)
[0102/203139.258:ERROR:process_memory_win.cc(73)] ReadMemory at 0x19c4c559ae0 of 62 bytes failed: Only part of a ReadProcessMemory or WriteProcessMemory request was completed. (0x12B)
[0102/203139.258:ERROR:process_memory_win.cc(73)] ReadMemory at 0x19c4c559b30 of 60 bytes failed: Only part of a ReadProcessMemory or WriteProcessMemory request was completed. (0x12B)
[0102/203139.258:ERROR:process_memory_win.cc(73)] ReadMemory at 0x19c4c559b80 of 60 bytes failed: Only part of a ReadProcessMemory or WriteProcessMemory request was completed. (0x12B)
[0102/203139.258:ERROR:process_memory_win.cc(73)] ReadMemory at 0x19c4c559d60 of 60 bytes failed: Only part of a ReadProcessMemory or WriteProcessMemory request was completed. (0x12B)
[0102/203139.258:ERROR:process_memory_win.cc(73)] ReadMemory at 0x19c4c559e50 of 58 bytes failed: Only part of a ReadProcessMemory or WriteProcessMemory request was completed. (0x12B)
[0102/203139.258:ERROR:process_memory_win.cc(73)] ReadMemory at 0x19c4c559ea0 of 62 bytes failed: Only part of a ReadProcessMemory or WriteProcessMemory request was completed. (0x12B)
[0102/203139.258:ERROR:process_memory_win.cc(73)] ReadMemory at 0x19c4c559ef0 of 62 bytes failed: Only part of a ReadProcessMemory or WriteProcessMemory request was completed. (0x12B)
[0102/203139.258:ERROR:process_memory_win.cc(73)] ReadMemory at 0x19c4c559f40 of 60 bytes failed: Only part of a ReadProcessMemory or WriteProcessMemory request was completed. (0x12B)
[0102/203139.258:ERROR:process_memory_win.cc(73)] ReadMemory at 0x19c4c55a190 of 132 bytes failed: Only part of a ReadProcessMemory or WriteProcessMemory request was completed. (0x12B)
[0102/203139.258:ERROR:process_memory_win.cc(73)] ReadMemory at 0x19c4c55dfb0 of 132 bytes failed: Only part of a ReadProcessMemory or WriteProcessMemory request was completed. (0x12B)
[0102/203139.258:ERROR:process_memory_win.cc(73)] ReadMemory at 0x19c4c560f70 of 132 bytes failed: Only part of a ReadProcessMemory or WriteProcessMemory request was completed. (0x12B)
[0102/203139.258:ERROR:process_memory_win.cc(73)] ReadMemory at 0x19c4c5610a0 of 132 bytes failed: Only part of a ReadProcessMemory or WriteProcessMemory request was completed. (0x12B)
[0102/203139.258:ERROR:process_memory_win.cc(73)] ReadMemory at 0x19c4c5611d0 of 132 bytes failed: Only part of a ReadProcessMemory or WriteProcessMemory request was completed. (0x12B)
[0102/203139.258:ERROR:process_memory_win.cc(73)] ReadMemory at 0x19c4c561300 of 132 bytes failed: Only part of a ReadProcessMemory or WriteProcessMemory request was completed. (0x12B)
[0102/203139.258:ERROR:process_memory_win.cc(73)] ReadMemory at 0x19c4c561560 of 132 bytes failed: Only part of a ReadProcessMemory or WriteProcessMemory request was completed. (0x12B)
[0102/203139.258:ERROR:process_memory_win.cc(73)] ReadMemory at 0x19c4c561690 of 132 bytes failed: Only part of a ReadProcessMemory or WriteProcessMemory request was completed. (0x12B)
[0102/203139.258:ERROR:process_memory_win.cc(73)] ReadMemory at 0x19c4c5617c0 of 132 bytes failed: Only part of a ReadProcessMemory or WriteProcessMemory request was completed. (0x12B)
[0102/203139.258:ERROR:process_memory_win.cc(73)] ReadMemory at 0x19c4c5618f0 of 132 bytes failed: Only part of a ReadProcessMemory or WriteProcessMemory request was completed. (0x12B)
[0102/203139.258:ERROR:process_memory_win.cc(73)] ReadMemory at 0x19c4c561a20 of 132 bytes failed: Only part of a ReadProcessMemory or WriteProcessMemory request was completed. (0x12B)
[0102/203139.258:ERROR:process_memory_win.cc(73)] ReadMemory at 0x19c4c561b50 of 132 bytes failed: Only part of a ReadProcessMemory or WriteProcessMemory request was completed. (0x12B)
[0102/203139.258:ERROR:process_memory_win.cc(73)] ReadMemory at 0x19c4c561c80 of 132 bytes failed: Only part of a ReadProcessMemory or WriteProcessMemory request was completed. (0x12B)
[0102/203139.258:ERROR:process_memory_win.cc(73)] ReadMemory at 0x19c4c561db0 of 132 bytes failed: Only part of a ReadProcessMemory or WriteProcessMemory request was completed. (0x12B)
[0102/203139.258:ERROR:process_memory_win.cc(73)] ReadMemory at 0x19c4c5623a0 of 76 bytes failed: Only part of a ReadProcessMemory or WriteProcessMemory request was completed. (0x12B)
[0102/203139.258:ERROR:process_memory_win.cc(73)] ReadMemory at 0x19c4c562d00 of 80 bytes failed: Only part of a ReadProcessMemory or WriteProcessMemory request was completed. (0x12B)
[0102/203139.258:ERROR:process_memory_win.cc(73)] ReadMemory at 0x19c4c5631b0 of 132 bytes failed: Only part of a ReadProcessMemory or WriteProcessMemory request was completed. (0x12B)
[0102/203139.258:ERROR:process_memory_win.cc(73)] ReadMemory at 0x19c4c563410 of 132 bytes failed: Only part of a ReadProcessMemory or WriteProcessMemory request was completed. (0x12B)
[0102/203139.258:ERROR:process_memory_win.cc(73)] ReadMemory at 0x19c4c563540 of 132 bytes failed: Only part of a ReadProcessMemory or WriteProcessMemory request was completed. (0x12B)
[0102/203139.274:ERROR:process_memory_win.cc(73)] ReadMemory at 0x19c4c563670 of 132 bytes failed: Only part of a ReadProcessMemory or WriteProcessMemory request was completed. (0x12B)
[0102/203139.274:ERROR:process_memory_win.cc(73)] ReadMemory at 0x19c4c5637a0 of 132 bytes failed: Only part of a ReadProcessMemory or WriteProcessMemory request was completed. (0x12B)
[0102/203139.274:ERROR:process_memory_win.cc(73)] ReadMemory at 0x19c4c5638d0 of 132 bytes failed: Only part of a ReadProcessMemory or WriteProcessMemory request was completed. (0x12B)
[0102/203139.274:ERROR:process_memory_win.cc(73)] ReadMemory at 0x19c4c563a00 of 132 bytes failed: Only part of a ReadProcessMemory or WriteProcessMemory request was completed. (0x12B)
[0102/203139.274:ERROR:process_memory_win.cc(73)] ReadMemory at 0x19c4c563b30 of 132 bytes failed: Only part of a ReadProcessMemory or WriteProcessMemory request was completed. (0x12B)
[0102/203139.274:ERROR:process_memory_win.cc(73)] ReadMemory at 0x19c4c563c60 of 132 bytes failed: Only part of a ReadProcessMemory or WriteProcessMemory request was completed. (0x12B)
[0102/203139.274:ERROR:process_memory_win.cc(73)] ReadMemory at 0x19c4c563d90 of 132 bytes failed: Only part of a ReadProcessMemory or WriteProcessMemory request was completed. (0x12B)
[0102/203139.274:ERROR:process_memory_win.cc(73)] ReadMemory at 0x19c4c563ec0 of 132 bytes failed: Only part of a ReadProcessMemory or WriteProcessMemory request was completed. (0x12B)
[0102/203139.274:ERROR:process_memory_win.cc(73)] ReadMemory at 0x19c4c563ff0 of 132 bytes failed: Only part of a ReadProcessMemory or WriteProcessMemory request was completed. (0x12B)
[0102/203139.274:ERROR:process_memory_win.cc(73)] ReadMemory at 0x19c4c564120 of 132 bytes failed: Only part of a ReadProcessMemory or WriteProcessMemory request was completed. (0x12B)
[0102/203139.274:ERROR:process_memory_win.cc(73)] ReadMemory at 0x19c4c564250 of 132 bytes failed: Only part of a ReadProcessMemory or WriteProcessMemory request was completed. (0x12B)
[0102/203139.274:ERROR:process_memory_win.cc(73)] ReadMemory at 0x19c4c564380 of 132 bytes failed: Only part of a ReadProcessMemory or WriteProcessMemory request was completed. (0x12B)
[0102/203139.274:ERROR:process_memory_win.cc(73)] ReadMemory at 0x19c4c5644b0 of 132 bytes failed: Only part of a ReadProcessMemory or WriteProcessMemory request was completed. (0x12B)
[0102/203139.274:ERROR:process_memory_win.cc(73)] ReadMemory at 0x19c4c5645e0 of 132 bytes failed: Only part of a ReadProcessMemory or WriteProcessMemory request was completed. (0x12B)
[0102/203139.274:ERROR:process_memory_win.cc(73)] ReadMemory at 0x19c4c564710 of 132 bytes failed: Only part of a ReadProcessMemory or WriteProcessMemory request was completed. (0x12B)
[0102/203139.274:ERROR:process_memory_win.cc(73)] ReadMemory at 0x19c4c564840 of 132 bytes failed: Only part of a ReadProcessMemory or WriteProcessMemory request was completed. (0x12B)
[0102/203139.274:ERROR:process_memory_win.cc(73)] ReadMemory at 0x19c4c564aa0 of 132 bytes failed: Only part of a ReadProcessMemory or WriteProcessMemory request was completed. (0x12B)
[0102/203139.274:ERROR:process_memory_win.cc(73)] ReadMemory at 0x19c4c564bd0 of 132 bytes failed: Only part of a ReadProcessMemory or WriteProcessMemory request was completed. (0x12B)
[0102/203139.274:ERROR:process_memory_win.cc(73)] ReadMemory at 0x19c4c5896f0 of 58 bytes failed: Only part of a ReadProcessMemory or WriteProcessMemory request was completed. (0x12B)
[0102/203139.274:ERROR:process_memory_win.cc(73)] ReadMemory at 0x19c4c589880 of 60 bytes failed: Only part of a ReadProcessMemory or WriteProcessMemory request was completed. (0x12B)
[0102/203139.274:ERROR:process_memory_win.cc(73)] ReadMemory at 0x19c4c589ab0 of 62 bytes failed: Only part of a ReadProcessMemory or WriteProcessMemory request was completed. (0x12B)
[0102/203139.274:ERROR:process_memory_win.cc(73)] ReadMemory at 0x19c4c589bf0 of 60 bytes failed: Only part of a ReadProcessMemory or WriteProcessMemory request was completed. (0x12B)
[0102/203139.274:ERROR:process_memory_win.cc(73)] ReadMemory at 0x19c4c589c90 of 62 bytes failed: Only part of a ReadProcessMemory or WriteProcessMemory request was completed. (0x12B)
[0102/203139.274:ERROR:process_memory_win.cc(73)] ReadMemory at 0x19c4c589ec0 of 58 bytes failed: Only part of a ReadProcessMemory or WriteProcessMemory request was completed. (0x12B)
[0102/203139.274:ERROR:process_memory_win.cc(73)] ReadMemory at 0x19c4c589f60 of 64 bytes failed: Only part of a ReadProcessMemory or WriteProcessMemory request was completed. (0x12B)
[0102/203139.274:ERROR:process_memory_win.cc(73)] ReadMemory at 0x19c4c589fb0 of 66 bytes failed: Only part of a ReadProcessMemory or WriteProcessMemory request was completed. (0x12B)
[0102/203139.274:ERROR:process_memory_win.cc(73)] ReadMemory at 0x19c4c58a140 of 58 bytes failed: Only part of a ReadProcessMemory or WriteProcessMemory request was completed. (0x12B)
[0102/203139.274:ERROR:process_memory_win.cc(73)] ReadMemory at 0x19c4c58a230 of 62 bytes failed: Only part of a ReadProcessMemory or WriteProcessMemory request was completed. (0x12B)
[0102/203139.274:ERROR:process_memory_win.cc(73)] ReadMemory at 0x19c4c597530 of 512 bytes failed: Only part of a ReadProcessMemory or WriteProcessMemory request was completed. (0x12B)
[0102/203139.274:ERROR:process_memory_win.cc(73)] ReadMemory at 0x19c4c59f410 of 78 bytes failed: Only part of a ReadProcessMemory or WriteProcessMemory request was completed. (0x12B)
[0102/203139.274:ERROR:process_memory_win.cc(73)] ReadMemory at 0x19c4c5a1680 of 512 bytes failed: Only part of a ReadProcessMemory or WriteProcessMemory request was completed. (0x12B)
[0102/203139.274:ERROR:process_memory_win.cc(73)] ReadMemory at 0x19c4c5b66b0 of 768 bytes failed: Only part of a ReadProcessMemory or WriteProcessMemory request was completed. (0x12B)
[0102/203139.274:ERROR:process_memory_win.cc(73)] ReadMemory at 0x19c4c5c1810 of 512 bytes failed: Only part of a ReadProcessMemory or WriteProcessMemory request was completed. (0x12B)
[0102/203139.274:ERROR:process_memory_win.cc(73)] ReadMemory at 0x19c4c5c1b00 of 512 bytes failed: Only part of a ReadProcessMemory or WriteProcessMemory request was completed. (0x12B)
[0102/203139.274:ERROR:process_memory_win.cc(73)] ReadMemory at 0x19c4c5db1e0 of 512 bytes failed: Only part of a ReadProcessMemory or WriteProcessMemory request was completed. (0x12B)
[0102/203139.274:ERROR:process_memory_win.cc(73)] ReadMemory at 0x19c4c5e1240 of 512 bytes failed: Only part of a ReadProcessMemory or WriteProcessMemory request was completed. (0x12B)
[0102/203139.274:ERROR:process_memory_win.cc(73)] ReadMemory at 0x19c4c5e4648 of 512 bytes failed: Only part of a ReadProcessMemory or WriteProcessMemory request was completed. (0x12B)
[0102/203139.274:ERROR:process_memory_win.cc(73)] ReadMemory at 0x19c4c5e4ae0 of 736 bytes failed: Only part of a ReadProcessMemory or WriteProcessMemory request was completed. (0x12B)
[0102/203139.274:ERROR:process_memory_win.cc(73)] ReadMemory at 0x19c4c5e72c0 of 512 bytes failed: Only part of a ReadProcessMemory or WriteProcessMemory request was completed. (0x12B)
[0102/203139.274:ERROR:process_memory_win.cc(73)] ReadMemory at 0x19c4c5f2d90 of 512 bytes failed: Only part of a ReadProcessMemory or WriteProcessMemory request was completed. (0x12B)
[0102/203139.274:ERROR:process_memory_win.cc(73)] ReadMemory at 0x19c4c609998 of 512 bytes failed: Only part of a ReadProcessMemory or WriteProcessMemory request was completed. (0x12B)
[0102/203139.274:ERROR:process_memory_win.cc(73)] ReadMemory at 0x19c4c60a328 of 512 bytes failed: Only part of a ReadProcessMemory or WriteProcessMemory request was completed. (0x12B)
[0102/203139.274:ERROR:process_memory_win.cc(73)] ReadMemory at 0x19c4c60e180 of 512 bytes failed: Only part of a ReadProcessMemory or WriteProcessMemory request was completed. (0x12B)
[0102/203139.274:ERROR:process_memory_win.cc(73)] ReadMemory at 0x19c4c60e5d0 of 512 bytes failed: Only part of a ReadProcessMemory or WriteProcessMemory request was completed. (0x12B)
[0102/203139.274:ERROR:process_memory_win.cc(73)] ReadMemory at 0x19c4c60f700 of 512 bytes failed: Only part of a ReadProcessMemory or WriteProcessMemory request was completed. (0x12B)
[0102/203139.274:ERROR:process_memory_win.cc(73)] ReadMemory at 0x19c4e2736d0 of 512 bytes failed: Only part of a ReadProcessMemory or WriteProcessMemory request was completed. (0x12B)
[0102/203139.274:ERROR:process_memory_win.cc(73)] ReadMemory at 0x19c4e276110 of 512 bytes failed: Only part of a ReadProcessMemory or WriteProcessMemory request was completed. (0x12B)
[0102/203139.274:ERROR:process_memory_win.cc(73)] ReadMemory at 0x19c4e2770f6 of 844 bytes failed: Only part of a ReadProcessMemory or WriteProcessMemory request was completed. (0x12B)
[0102/203139.274:ERROR:process_memory_win.cc(73)] ReadMemory at 0x19c4e386e18 of 512 bytes failed: Only part of a ReadProcessMemory or WriteProcessMemory request was completed. (0x12B)
[0102/203139.274:ERROR:process_memory_win.cc(73)] ReadMemory at 0x19c4e3a4408 of 512 bytes failed: Only part of a ReadProcessMemory or WriteProcessMemory request was completed. (0x12B)
[0102/203139.274:ERROR:process_memory_win.cc(73)] ReadMemory at 0x19c4e532140 of 512 bytes failed: Only part of a ReadProcessMemory or WriteProcessMemory request was completed. (0x12B)
[0102/203139.274:ERROR:process_memory_win.cc(73)] ReadMemory at 0x7ffb7f74d520 of 512 bytes failed: Only part of a ReadProcessMemory or WriteProcessMemory request was completed. (0x12B)
[0102/203139.274:ERROR:process_memory_win.cc(73)] ReadMemory at 0x7ffb84580520 of 512 bytes failed: Only part of a ReadProcessMemory or WriteProcessMemory request was completed. (0x12B)
[0102/203139.274:ERROR:process_memory_win.cc(73)] ReadMemory at 0x7ffc02da3aa9 of 512 bytes failed: Only part of a ReadProcessMemory or WriteProcessMemory request was completed. (0x12B)
[0102/203139.274:ERROR:process_memory_win.cc(73)] ReadMemory at 0x7ffc02fcd6e0 of 512 bytes failed: Only part of a ReadProcessMemory or WriteProcessMemory request was completed. (0x12B)
[0102/203139.274:ERROR:process_memory_win.cc(73)] ReadMemory at 0x7ffc03ca1fd0 of 512 bytes failed: Only part of a ReadProcessMemory or WriteProcessMemory request was completed. (0x12B)
[0102/203139.274:ERROR:process_memory_win.cc(73)] ReadMemory at 0x7ffc05bdb89f of 512 bytes failed: Only part of a ReadProcessMemory or WriteProcessMemory request was completed. (0x12B)
[0102/203139.274:ERROR:process_memory_win.cc(73)] ReadMemory at 0x7ffc05c3c6f4 of 672 bytes failed: Only part of a ReadProcessMemory or WriteProcessMemory request was completed. (0x12B)
[0102/203139.274:ERROR:process_memory_win.cc(73)] ReadMemory at 0x7ffc05c3ccf4 of 512 bytes failed: Only part of a ReadProcessMemory or WriteProcessMemory request was completed. (0x12B)
[0102/203139.274:ERROR:process_memory_win.cc(73)] ReadMemory at 0x7ffc05c3ffa4 of 608 bytes failed: Only part of a ReadProcessMemory or WriteProcessMemory request was completed. (0x12B)
[0102/203139.274:ERROR:process_memory_win.cc(73)] ReadMemory at 0x7ffc05ccc428 of 18 bytes failed: Only part of a ReadProcessMemory or WriteProcessMemory request was completed. (0x12B)
[0102/203139.274:ERROR:process_memory_win.cc(73)] ReadMemory at 0x7ffc05cff4f8 of 40 bytes failed: Only part of a ReadProcessMemory or WriteProcessMemory request was completed. (0x12B)
[0102/203139.274:ERROR:process_memory_win.cc(73)] ReadMemory at 0x7ffc05cff978 of 48 bytes failed: Only part of a ReadProcessMemory or WriteProcessMemory request was completed. (0x12B)
[0102/203139.274:ERROR:process_memory_win.cc(73)] ReadMemory at 0x7ffc05d053c0 of 64 bytes failed: Only part of a ReadProcessMemory or WriteProcessMemory request was completed. (0x12B)
[0102/203139.274:ERROR:filesystem_win.cc(129)] GetFileAttributes C:\Users\NEXTTECH\AppData\Local\Temp\scoped_dir4352_1020985653\Crashpad\attachments\db2e4f93-62ae-4829-847d-35cd0c2e7c65: The system cannot find the path specified. (0x3)
[0102/203139.274:ERROR:scoped_process_suspend.cc(40)] NtResumeProcess: An attempt was made to access an exiting process. (0xc000010a)
[0102/203158.498:ERROR:http_transport_win.cc(363)] WinHttpReceiveResponse: The operation completed successfully. (0x0)
[0105/012310.254:ERROR:directory_reader_win.cc(43)] FindFirstFile: The system cannot find the path specified. (0x3)
[0105/012457.708:ERROR:directory_reader_win.cc(43)] FindFirstFile: The system cannot find the path specified. (0x3)
[0114/215915.832:ERROR:directory_reader_win.cc(43)] FindFirstFile: The system cannot find the path specified. (0x3)
[0115/221553.688:ERROR:directory_reader_win.cc(43)] FindFirstFile: The system cannot find the path specified. (0x3)
[0115/222116.564:ERROR:directory_reader_win.cc(43)] FindFirstFile: The system cannot find the path specified. (0x3)
[0115/222309.923:ERROR:directory_reader_win.cc(43)] FindFirstFile: The system cannot find the path specified. (0x3)
